<?xml version="1.0" encoding="UTF-8"?>
<testsuite xmlns:xsi="http://www.w3.org/2001/XMLSchema-instance" xsi:noNamespaceSchemaLocation="https://maven.apache.org/surefire/maven-surefire-plugin/xsd/surefire-test-report.xsd" name="BlackBox.SortAlgorithmBlackBoxTest" time="0.192" tests="20" errors="0" skipped="0" failures="0">
  <properties>
[...]
</properties>
  <testcase name="singleInputTest" classname="BlackBox.SortAlgorithmBlackBoxTest" time="0.012"/>
  <testcase name="dummyTest" classname="BlackBox.SortAlgorithmBlackBoxTest" time="0.001"/>
  <testcase name="maxValueInputTest" classname="BlackBox.SortAlgorithmBlackBoxTest" time="0"/>
  <testcase name="dummyTest1" classname="BlackBox.SortAlgorithmBlackBoxTest" time="0.001"/>
  <testcase name="dummyTest2" classname="BlackBox.SortAlgorithmBlackBoxTest" time="0"/>
  <testcase name="dummyTest3" classname="BlackBox.SortAlgorithmBlackBoxTest" time="0"/>
  <testcase name="dummyTest4" classname="BlackBox.SortAlgorithmBlackBoxTest" time="0"/>
  <testcase name="dummyTest5" classname="BlackBox.SortAlgorithmBlackBoxTest" time="0"/>
  <testcase name="dummyTest6" classname="BlackBox.SortAlgorithmBlackBoxTest" time="0"/>
  <testcase name="dummyTest7" classname="BlackBox.SortAlgorithmBlackBoxTest" time="0"/>
  <testcase name="dummyTest8" classname="BlackBox.SortAlgorithmBlackBoxTest" time="0.003"/>
  <testcase name="sorted" classname="BlackBox.SortAlgorithmBlackBoxTest" time="0.001"/>
  <testcase name="newTestforRL" classname="BlackBox.SortAlgorithmBlackBoxTest" time="0"/>
  <testcase name="newSorted" classname="BlackBox.SortAlgorithmBlackBoxTest" time="0"/>
  <testcase name="rightToLeft" classname="BlackBox.SortAlgorithmBlackBoxTest" time="0"/>
  <testcase name="nullInPutTest" classname="BlackBox.SortAlgorithmBlackBoxTest" time="0"/>
  <testcase name="duochongTest" classname="BlackBox.SortAlgorithmBlackBoxTest" time="0"/>
  <testcase name="minValueInputTest" classname="BlackBox.SortAlgorithmBlackBoxTest" time="0"/>
  <testcase name="newTest2" classname="BlackBox.SortAlgorithmBlackBoxTest" time="0"/>
  <testcase name="leftToRight" classname="BlackBox.SortAlgorithmBlackBoxTest" time="0"/>
</testsuite>